{"/home/guilherme/Área de Trabalho/trivia-redux/sd-029-b-project-trivia-react-redux/src/App.js": {"path":"/home/guilherme/Área de Trabalho/trivia-redux/sd-029-b-project-trivia-react-redux/src/App.js","statementMap":{"0":{"start":{"line":10,"column":4},"end":{"line":19,"column":6}}},"fnMap":{"0":{"name":"(anonymous_0)","decl":{"start":{"line":9,"column":2},"end":{"line":9,"column":3}},"loc":{"start":{"line":9,"column":11},"end":{"line":20,"column":3}},"line":9}},"branchMap":{},"s":{"0":4},"f":{"0":4},"b":{},"_coverageSchema":"1a1c01bbd47fc00a2c39e90264f33305004495a9","hash":"e91a2de783008516883fafcc98fcb85e5cb97484"}
,"/home/guilherme/Área de Trabalho/trivia-redux/sd-029-b-project-trivia-react-redux/src/components/Header.js": {"path":"/home/guilherme/Área de Trabalho/trivia-redux/sd-029-b-project-trivia-react-redux/src/components/Header.js","statementMap":{"0":{"start":{"line":7,"column":10},"end":{"line":9,"column":3}},"1":{"start":{"line":12,"column":22},"end":{"line":12,"column":32}},"2":{"start":{"line":13,"column":4},"end":{"line":15,"column":7}},"3":{"start":{"line":19,"column":25},"end":{"line":19,"column":35}},"4":{"start":{"line":20,"column":28},"end":{"line":20,"column":38}},"5":{"start":{"line":21,"column":4},"end":{"line":27,"column":6}},"6":{"start":{"line":31,"column":24},"end":{"line":35,"column":2}},"7":{"start":{"line":31,"column":36},"end":{"line":35,"column":1}},"8":{"start":{"line":37,"column":0},"end":{"line":41,"column":2}}},"fnMap":{"0":{"name":"(anonymous_0)","decl":{"start":{"line":11,"column":2},"end":{"line":11,"column":3}},"loc":{"start":{"line":11,"column":22},"end":{"line":16,"column":3}},"line":11},"1":{"name":"(anonymous_1)","decl":{"start":{"line":18,"column":2},"end":{"line":18,"column":3}},"loc":{"start":{"line":18,"column":11},"end":{"line":28,"column":3}},"line":18},"2":{"name":"(anonymous_2)","decl":{"start":{"line":31,"column":24},"end":{"line":31,"column":25}},"loc":{"start":{"line":31,"column":36},"end":{"line":35,"column":1}},"line":31}},"branchMap":{},"s":{"0":1,"1":1,"2":1,"3":2,"4":2,"5":2,"6":1,"7":1,"8":1},"f":{"0":1,"1":2,"2":1},"b":{},"_coverageSchema":"1a1c01bbd47fc00a2c39e90264f33305004495a9","hash":"48d3c062c7abded397f198f05a1d1236abe2f60f"}
,"/home/guilherme/Área de Trabalho/trivia-redux/sd-029-b-project-trivia-react-redux/src/pages/Feedback.js": {"path":"/home/guilherme/Área de Trabalho/trivia-redux/sd-029-b-project-trivia-react-redux/src/pages/Feedback.js","statementMap":{"0":{"start":{"line":8,"column":18},"end":{"line":12,"column":3}},"1":{"start":{"line":9,"column":34},"end":{"line":9,"column":44}},"2":{"start":{"line":10,"column":4},"end":{"line":10,"column":33}},"3":{"start":{"line":11,"column":4},"end":{"line":11,"column":22}},"4":{"start":{"line":15,"column":43},"end":{"line":15,"column":53}},"5":{"start":{"line":16,"column":19},"end":{"line":16,"column":20}},"6":{"start":{"line":17,"column":4},"end":{"line":55,"column":6}},"7":{"start":{"line":49,"column":26},"end":{"line":49,"column":50}},"8":{"start":{"line":59,"column":0},"end":{"line":66,"column":2}},"9":{"start":{"line":68,"column":24},"end":{"line":71,"column":2}},"10":{"start":{"line":68,"column":36},"end":{"line":71,"column":1}}},"fnMap":{"0":{"name":"(anonymous_0)","decl":{"start":{"line":8,"column":18},"end":{"line":8,"column":19}},"loc":{"start":{"line":8,"column":24},"end":{"line":12,"column":3}},"line":8},"1":{"name":"(anonymous_1)","decl":{"start":{"line":14,"column":2},"end":{"line":14,"column":3}},"loc":{"start":{"line":14,"column":11},"end":{"line":56,"column":3}},"line":14},"2":{"name":"(anonymous_2)","decl":{"start":{"line":49,"column":20},"end":{"line":49,"column":21}},"loc":{"start":{"line":49,"column":26},"end":{"line":49,"column":50}},"line":49},"3":{"name":"(anonymous_3)","decl":{"start":{"line":68,"column":24},"end":{"line":68,"column":25}},"loc":{"start":{"line":68,"column":36},"end":{"line":71,"column":1}},"line":68}},"branchMap":{"0":{"loc":{"start":{"line":23,"column":11},"end":{"line":23,"column":68}},"type":"cond-expr","locations":[{"start":{"line":23,"column":33},"end":{"line":23,"column":53}},{"start":{"line":23,"column":56},"end":{"line":23,"column":68}}],"line":23}},"s":{"0":0,"1":0,"2":0,"3":0,"4":0,"5":0,"6":0,"7":0,"8":1,"9":1,"10":0},"f":{"0":0,"1":0,"2":0,"3":0},"b":{"0":[0,0]},"_coverageSchema":"1a1c01bbd47fc00a2c39e90264f33305004495a9","hash":"9501c7cb6e94879387052a2f69131113c3de4304"}
,"/home/guilherme/Área de Trabalho/trivia-redux/sd-029-b-project-trivia-react-redux/src/pages/Game.js": {"path":"/home/guilherme/Área de Trabalho/trivia-redux/sd-029-b-project-trivia-react-redux/src/pages/Game.js","statementMap":{"0":{"start":{"line":8,"column":19},"end":{"line":8,"column":22}},"1":{"start":{"line":11,"column":10},"end":{"line":26,"column":3}},"2":{"start":{"line":29,"column":25},"end":{"line":29,"column":29}},"3":{"start":{"line":30,"column":4},"end":{"line":30,"column":24}},"4":{"start":{"line":31,"column":4},"end":{"line":31,"column":71}},"5":{"start":{"line":31,"column":37},"end":{"line":31,"column":55}},"6":{"start":{"line":32,"column":4},"end":{"line":34,"column":5}},"7":{"start":{"line":33,"column":6},"end":{"line":33,"column":58}},"8":{"start":{"line":38,"column":30},"end":{"line":38,"column":40}},"9":{"start":{"line":39,"column":4},"end":{"line":46,"column":5}},"10":{"start":{"line":40,"column":6},"end":{"line":45,"column":9}},"11":{"start":{"line":49,"column":17},"end":{"line":71,"column":3}},"12":{"start":{"line":50,"column":24},"end":{"line":50,"column":34}},"13":{"start":{"line":51,"column":18},"end":{"line":51,"column":47}},"14":{"start":{"line":52,"column":28},"end":{"line":52,"column":29}},"15":{"start":{"line":53,"column":24},"end":{"line":53,"column":25}},"16":{"start":{"line":54,"column":22},"end":{"line":54,"column":66}},"17":{"start":{"line":55,"column":4},"end":{"line":55,"column":27}},"18":{"start":{"line":56,"column":4},"end":{"line":60,"column":5}},"19":{"start":{"line":57,"column":6},"end":{"line":57,"column":39}},"20":{"start":{"line":58,"column":6},"end":{"line":58,"column":24}},"21":{"start":{"line":59,"column":6},"end":{"line":59,"column":13}},"22":{"start":{"line":61,"column":20},"end":{"line":62,"column":42}},"23":{"start":{"line":63,"column":4},"end":{"line":70,"column":7}},"24":{"start":{"line":66,"column":41},"end":{"line":66,"column":67}},"25":{"start":{"line":73,"column":18},"end":{"line":83,"column":3}},"26":{"start":{"line":74,"column":30},"end":{"line":74,"column":40}},"27":{"start":{"line":75,"column":4},"end":{"line":82,"column":25}},"28":{"start":{"line":85,"column":16},"end":{"line":108,"column":3}},"29":{"start":{"line":86,"column":52},"end":{"line":86,"column":62}},"30":{"start":{"line":87,"column":25},"end":{"line":87,"column":35}},"31":{"start":{"line":88,"column":4},"end":{"line":107,"column":5}},"32":{"start":{"line":89,"column":28},"end":{"line":89,"column":29}},"33":{"start":{"line":90,"column":24},"end":{"line":90,"column":25}},"34":{"start":{"line":91,"column":6},"end":{"line":103,"column":7}},"35":{"start":{"line":93,"column":8},"end":{"line":93,"column":36}},"36":{"start":{"line":94,"column":8},"end":{"line":94,"column":14}},"37":{"start":{"line":96,"column":8},"end":{"line":96,"column":28}},"38":{"start":{"line":97,"column":8},"end":{"line":97,"column":14}},"39":{"start":{"line":99,"column":8},"end":{"line":99,"column":28}},"40":{"start":{"line":100,"column":8},"end":{"line":100,"column":14}},"41":{"start":{"line":102,"column":8},"end":{"line":102,"column":14}},"42":{"start":{"line":104,"column":27},"end":{"line":104,"column":29}},"43":{"start":{"line":105,"column":20},"end":{"line":105,"column":60}},"44":{"start":{"line":106,"column":6},"end":{"line":106,"column":38}},"45":{"start":{"line":110,"column":16},"end":{"line":119,"column":3}},"46":{"start":{"line":111,"column":33},"end":{"line":111,"column":43}},"47":{"start":{"line":112,"column":4},"end":{"line":118,"column":5}},"48":{"start":{"line":113,"column":6},"end":{"line":113,"column":34}},"49":{"start":{"line":115,"column":6},"end":{"line":117,"column":10}},"50":{"start":{"line":115,"column":36},"end":{"line":117,"column":7}},"51":{"start":{"line":121,"column":15},"end":{"line":157,"column":3}},"52":{"start":{"line":122,"column":40},"end":{"line":122,"column":50}},"53":{"start":{"line":123,"column":44},"end":{"line":123,"column":54}},"54":{"start":{"line":124,"column":22},"end":{"line":124,"column":38}},"55":{"start":{"line":125,"column":25},"end":{"line":125,"column":29}},"56":{"start":{"line":126,"column":4},"end":{"line":146,"column":5}},"57":{"start":{"line":127,"column":22},"end":{"line":128,"column":44}},"58":{"start":{"line":129,"column":6},"end":{"line":145,"column":9}},"59":{"start":{"line":131,"column":43},"end":{"line":131,"column":69}},"60":{"start":{"line":144,"column":8},"end":{"line":144,"column":75}},"61":{"start":{"line":144,"column":41},"end":{"line":144,"column":59}},"62":{"start":{"line":147,"column":4},"end":{"line":156,"column":5}},"63":{"start":{"line":148,"column":6},"end":{"line":148,"column":32}},"64":{"start":{"line":149,"column":22},"end":{"line":149,"column":65}},"65":{"start":{"line":150,"column":25},"end":{"line":154,"column":8}},"66":{"start":{"line":155,"column":6},"end":{"line":155,"column":66}},"67":{"start":{"line":166,"column":63},"end":{"line":166,"column":73}},"68":{"start":{"line":167,"column":4},"end":{"line":227,"column":6}},"69":{"start":{"line":200,"column":16},"end":{"line":212,"column":18}},"70":{"start":{"line":211,"column":34},"end":{"line":211,"column":58}},"71":{"start":{"line":231,"column":0},"end":{"line":239,"column":2}},"72":{"start":{"line":241,"column":24},"end":{"line":245,"column":2}},"73":{"start":{"line":241,"column":36},"end":{"line":245,"column":1}}},"fnMap":{"0":{"name":"(anonymous_0)","decl":{"start":{"line":28,"column":2},"end":{"line":28,"column":3}},"loc":{"start":{"line":28,"column":22},"end":{"line":35,"column":3}},"line":28},"1":{"name":"(anonymous_1)","decl":{"start":{"line":31,"column":31},"end":{"line":31,"column":32}},"loc":{"start":{"line":31,"column":37},"end":{"line":31,"column":55}},"line":31},"2":{"name":"(anonymous_2)","decl":{"start":{"line":37,"column":2},"end":{"line":37,"column":3}},"loc":{"start":{"line":37,"column":23},"end":{"line":47,"column":3}},"line":37},"3":{"name":"(anonymous_3)","decl":{"start":{"line":49,"column":17},"end":{"line":49,"column":18}},"loc":{"start":{"line":49,"column":29},"end":{"line":71,"column":3}},"line":49},"4":{"name":"(anonymous_4)","decl":{"start":{"line":66,"column":35},"end":{"line":66,"column":36}},"loc":{"start":{"line":66,"column":41},"end":{"line":66,"column":67}},"line":66},"5":{"name":"(anonymous_5)","decl":{"start":{"line":73,"column":18},"end":{"line":73,"column":19}},"loc":{"start":{"line":73,"column":28},"end":{"line":83,"column":3}},"line":73},"6":{"name":"(anonymous_6)","decl":{"start":{"line":85,"column":16},"end":{"line":85,"column":17}},"loc":{"start":{"line":85,"column":22},"end":{"line":108,"column":3}},"line":85},"7":{"name":"(anonymous_7)","decl":{"start":{"line":110,"column":16},"end":{"line":110,"column":17}},"loc":{"start":{"line":110,"column":22},"end":{"line":119,"column":3}},"line":110},"8":{"name":"(anonymous_8)","decl":{"start":{"line":115,"column":20},"end":{"line":115,"column":21}},"loc":{"start":{"line":115,"column":36},"end":{"line":117,"column":7}},"line":115},"9":{"name":"(anonymous_9)","decl":{"start":{"line":121,"column":15},"end":{"line":121,"column":16}},"loc":{"start":{"line":121,"column":21},"end":{"line":157,"column":3}},"line":121},"10":{"name":"(anonymous_10)","decl":{"start":{"line":131,"column":37},"end":{"line":131,"column":38}},"loc":{"start":{"line":131,"column":43},"end":{"line":131,"column":69}},"line":131},"11":{"name":"(anonymous_11)","decl":{"start":{"line":143,"column":9},"end":{"line":143,"column":10}},"loc":{"start":{"line":143,"column":15},"end":{"line":145,"column":7}},"line":143},"12":{"name":"(anonymous_12)","decl":{"start":{"line":144,"column":35},"end":{"line":144,"column":36}},"loc":{"start":{"line":144,"column":41},"end":{"line":144,"column":59}},"line":144},"13":{"name":"(anonymous_13)","decl":{"start":{"line":159,"column":2},"end":{"line":159,"column":3}},"loc":{"start":{"line":159,"column":11},"end":{"line":228,"column":3}},"line":159},"14":{"name":"(anonymous_14)","decl":{"start":{"line":199,"column":19},"end":{"line":199,"column":20}},"loc":{"start":{"line":200,"column":16},"end":{"line":212,"column":18}},"line":200},"15":{"name":"(anonymous_15)","decl":{"start":{"line":211,"column":28},"end":{"line":211,"column":29}},"loc":{"start":{"line":211,"column":34},"end":{"line":211,"column":58}},"line":211},"16":{"name":"(anonymous_16)","decl":{"start":{"line":241,"column":24},"end":{"line":241,"column":25}},"loc":{"start":{"line":241,"column":36},"end":{"line":245,"column":1}},"line":241}},"branchMap":{"0":{"loc":{"start":{"line":32,"column":4},"end":{"line":34,"column":5}},"type":"if","locations":[{"start":{"line":32,"column":4},"end":{"line":34,"column":5}},{"start":{},"end":{}}],"line":32},"1":{"loc":{"start":{"line":39,"column":4},"end":{"line":46,"column":5}},"type":"if","locations":[{"start":{"line":39,"column":4},"end":{"line":46,"column":5}},{"start":{},"end":{}}],"line":39},"2":{"loc":{"start":{"line":39,"column":8},"end":{"line":39,"column":39}},"type":"binary-expr","locations":[{"start":{"line":39,"column":8},"end":{"line":39,"column":19}},{"start":{"line":39,"column":23},"end":{"line":39,"column":39}}],"line":39},"3":{"loc":{"start":{"line":56,"column":4},"end":{"line":60,"column":5}},"type":"if","locations":[{"start":{"line":56,"column":4},"end":{"line":60,"column":5}},{"start":{},"end":{}}],"line":56},"4":{"loc":{"start":{"line":88,"column":4},"end":{"line":107,"column":5}},"type":"if","locations":[{"start":{"line":88,"column":4},"end":{"line":107,"column":5}},{"start":{},"end":{}}],"line":88},"5":{"loc":{"start":{"line":91,"column":6},"end":{"line":103,"column":7}},"type":"switch","locations":[{"start":{"line":92,"column":6},"end":{"line":94,"column":14}},{"start":{"line":95,"column":6},"end":{"line":97,"column":14}},{"start":{"line":98,"column":6},"end":{"line":100,"column":14}},{"start":{"line":101,"column":6},"end":{"line":102,"column":14}}],"line":91},"6":{"loc":{"start":{"line":112,"column":4},"end":{"line":118,"column":5}},"type":"if","locations":[{"start":{"line":112,"column":4},"end":{"line":118,"column":5}},{"start":{"line":114,"column":11},"end":{"line":118,"column":5}}],"line":112},"7":{"loc":{"start":{"line":112,"column":8},"end":{"line":112,"column":33}},"type":"binary-expr","locations":[{"start":{"line":112,"column":8},"end":{"line":112,"column":19}},{"start":{"line":112,"column":23},"end":{"line":112,"column":33}}],"line":112},"8":{"loc":{"start":{"line":126,"column":4},"end":{"line":146,"column":5}},"type":"if","locations":[{"start":{"line":126,"column":4},"end":{"line":146,"column":5}},{"start":{},"end":{}}],"line":126},"9":{"loc":{"start":{"line":147,"column":4},"end":{"line":156,"column":5}},"type":"if","locations":[{"start":{"line":147,"column":4},"end":{"line":156,"column":5}},{"start":{},"end":{}}],"line":147},"10":{"loc":{"start":{"line":170,"column":9},"end":{"line":172,"column":9}},"type":"binary-expr","locations":[{"start":{"line":170,"column":9},"end":{"line":170,"column":29}},{"start":{"line":171,"column":10},"end":{"line":171,"column":24}}],"line":170},"11":{"loc":{"start":{"line":180,"column":11},"end":{"line":186,"column":11}},"type":"binary-expr","locations":[{"start":{"line":180,"column":11},"end":{"line":180,"column":17}},{"start":{"line":180,"column":21},"end":{"line":180,"column":30}},{"start":{"line":181,"column":12},"end":{"line":185,"column":13}}],"line":180},"12":{"loc":{"start":{"line":181,"column":12},"end":{"line":185,"column":13}},"type":"cond-expr","locations":[{"start":{"line":182,"column":14},"end":{"line":182,"column":28}},{"start":{"line":184,"column":14},"end":{"line":184,"column":27}}],"line":181},"13":{"loc":{"start":{"line":187,"column":11},"end":{"line":191,"column":11}},"type":"binary-expr","locations":[{"start":{"line":187,"column":11},"end":{"line":187,"column":17}},{"start":{"line":188,"column":12},"end":{"line":188,"column":20}},{"start":{"line":189,"column":14},"end":{"line":189,"column":36}}],"line":187},"14":{"loc":{"start":{"line":206,"column":20},"end":{"line":206,"column":87}},"type":"cond-expr","locations":[{"start":{"line":206,"column":45},"end":{"line":206,"column":61}},{"start":{"line":206,"column":64},"end":{"line":206,"column":87}}],"line":206},"15":{"loc":{"start":{"line":210,"column":28},"end":{"line":210,"column":78}},"type":"cond-expr","locations":[{"start":{"line":210,"column":53},"end":{"line":210,"column":65}},{"start":{"line":210,"column":68},"end":{"line":210,"column":78}}],"line":210},"16":{"loc":{"start":{"line":215,"column":11},"end":{"line":224,"column":11}},"type":"binary-expr","locations":[{"start":{"line":215,"column":11},"end":{"line":215,"column":17}},{"start":{"line":216,"column":12},"end":{"line":223,"column":21}}],"line":215}},"s":{"0":1,"1":1,"2":1,"3":1,"4":1,"5":0,"6":1,"7":1,"8":0,"9":0,"10":0,"11":1,"12":1,"13":1,"14":1,"15":1,"16":1,"17":0,"18":0,"19":0,"20":0,"21":0,"22":0,"23":0,"24":0,"25":1,"26":0,"27":0,"28":1,"29":0,"30":0,"31":0,"32":0,"33":0,"34":0,"35":0,"36":0,"37":0,"38":0,"39":0,"40":0,"41":0,"42":0,"43":0,"44":0,"45":1,"46":0,"47":0,"48":0,"49":0,"50":0,"51":1,"52":0,"53":0,"54":0,"55":0,"56":0,"57":0,"58":0,"59":0,"60":0,"61":0,"62":0,"63":0,"64":0,"65":0,"66":0,"67":1,"68":1,"69":0,"70":0,"71":1,"72":1,"73":1},"f":{"0":1,"1":0,"2":0,"3":1,"4":0,"5":0,"6":0,"7":0,"8":0,"9":0,"10":0,"11":0,"12":0,"13":1,"14":0,"15":0,"16":1},"b":{"0":[1,0],"1":[0,0],"2":[0,0],"3":[0,0],"4":[0,0],"5":[0,0,0,0],"6":[0,0],"7":[0,0],"8":[0,0],"9":[0,0],"10":[1,0],"11":[1,0,0],"12":[0,0],"13":[1,0,0],"14":[0,0],"15":[0,0],"16":[1,0]},"_coverageSchema":"1a1c01bbd47fc00a2c39e90264f33305004495a9","hash":"f489c5e660891759716358f25a8e31062546650e"}
,"/home/guilherme/Área de Trabalho/trivia-redux/sd-029-b-project-trivia-react-redux/src/pages/Login.js": {"path":"/home/guilherme/Área de Trabalho/trivia-redux/sd-029-b-project-trivia-react-redux/src/pages/Login.js","statementMap":{"0":{"start":{"line":8,"column":10},"end":{"line":13,"column":3}},"1":{"start":{"line":15,"column":17},"end":{"line":20,"column":3}},"2":{"start":{"line":16,"column":28},"end":{"line":16,"column":34}},"3":{"start":{"line":17,"column":4},"end":{"line":19,"column":25}},"4":{"start":{"line":22,"column":16},"end":{"line":33,"column":3}},"5":{"start":{"line":23,"column":38},"end":{"line":23,"column":48}},"6":{"start":{"line":24,"column":4},"end":{"line":32,"column":5}},"7":{"start":{"line":25,"column":6},"end":{"line":27,"column":9}},"8":{"start":{"line":29,"column":6},"end":{"line":31,"column":9}},"9":{"start":{"line":35,"column":15},"end":{"line":46,"column":3}},"10":{"start":{"line":36,"column":38},"end":{"line":36,"column":48}},"11":{"start":{"line":37,"column":34},"end":{"line":37,"column":44}},"12":{"start":{"line":38,"column":17},"end":{"line":38,"column":35}},"13":{"start":{"line":39,"column":4},"end":{"line":39,"column":46}},"14":{"start":{"line":40,"column":17},"end":{"line":43,"column":5}},"15":{"start":{"line":44,"column":4},"end":{"line":44,"column":34}},"16":{"start":{"line":45,"column":4},"end":{"line":45,"column":26}},"17":{"start":{"line":48,"column":19},"end":{"line":59,"column":3}},"18":{"start":{"line":49,"column":32},"end":{"line":49,"column":42}},"19":{"start":{"line":50,"column":4},"end":{"line":58,"column":5}},"20":{"start":{"line":51,"column":6},"end":{"line":53,"column":9}},"21":{"start":{"line":55,"column":6},"end":{"line":57,"column":9}},"22":{"start":{"line":62,"column":67},"end":{"line":62,"column":77}},"23":{"start":{"line":63,"column":4},"end":{"line":110,"column":6}},"24":{"start":{"line":114,"column":0},"end":{"line":119,"column":2}}},"fnMap":{"0":{"name":"(anonymous_0)","decl":{"start":{"line":15,"column":17},"end":{"line":15,"column":18}},"loc":{"start":{"line":15,"column":33},"end":{"line":20,"column":3}},"line":15},"1":{"name":"(anonymous_1)","decl":{"start":{"line":22,"column":16},"end":{"line":22,"column":17}},"loc":{"start":{"line":22,"column":22},"end":{"line":33,"column":3}},"line":22},"2":{"name":"(anonymous_2)","decl":{"start":{"line":35,"column":15},"end":{"line":35,"column":16}},"loc":{"start":{"line":35,"column":27},"end":{"line":46,"column":3}},"line":35},"3":{"name":"(anonymous_3)","decl":{"start":{"line":48,"column":19},"end":{"line":48,"column":20}},"loc":{"start":{"line":48,"column":25},"end":{"line":59,"column":3}},"line":48},"4":{"name":"(anonymous_4)","decl":{"start":{"line":61,"column":2},"end":{"line":61,"column":3}},"loc":{"start":{"line":61,"column":11},"end":{"line":111,"column":3}},"line":61}},"branchMap":{"0":{"loc":{"start":{"line":24,"column":4},"end":{"line":32,"column":5}},"type":"if","locations":[{"start":{"line":24,"column":4},"end":{"line":32,"column":5}},{"start":{"line":28,"column":11},"end":{"line":32,"column":5}}],"line":24},"1":{"loc":{"start":{"line":24,"column":8},"end":{"line":24,"column":45}},"type":"binary-expr","locations":[{"start":{"line":24,"column":8},"end":{"line":24,"column":24}},{"start":{"line":24,"column":28},"end":{"line":24,"column":45}}],"line":24},"2":{"loc":{"start":{"line":50,"column":4},"end":{"line":58,"column":5}},"type":"if","locations":[{"start":{"line":50,"column":4},"end":{"line":58,"column":5}},{"start":{"line":54,"column":11},"end":{"line":58,"column":5}}],"line":50},"3":{"loc":{"start":{"line":103,"column":11},"end":{"line":107,"column":11}},"type":"binary-expr","locations":[{"start":{"line":103,"column":11},"end":{"line":103,"column":26}},{"start":{"line":104,"column":12},"end":{"line":106,"column":22}}],"line":103}},"s":{"0":9,"1":9,"2":68,"3":68,"4":9,"5":68,"6":68,"7":22,"8":46,"9":9,"10":1,"11":1,"12":1,"13":1,"14":1,"15":1,"16":1,"17":9,"18":3,"19":3,"20":2,"21":1,"22":148,"23":148,"24":1},"f":{"0":68,"1":68,"2":1,"3":3,"4":148},"b":{"0":[22,46],"1":[68,38],"2":[2,1],"3":[148,2]},"_coverageSchema":"1a1c01bbd47fc00a2c39e90264f33305004495a9","hash":"de96d8ff3c48b6957c6def2faed5ed9f6d23e033"}
,"/home/guilherme/Área de Trabalho/trivia-redux/sd-029-b-project-trivia-react-redux/src/pages/Ranking.js": {"path":"/home/guilherme/Área de Trabalho/trivia-redux/sd-029-b-project-trivia-react-redux/src/pages/Ranking.js","statementMap":{"0":{"start":{"line":7,"column":10},"end":{"line":9,"column":3}},"1":{"start":{"line":12,"column":21},"end":{"line":12,"column":64}},"2":{"start":{"line":13,"column":4},"end":{"line":15,"column":7}},"3":{"start":{"line":18,"column":15},"end":{"line":22,"column":3}},"4":{"start":{"line":19,"column":34},"end":{"line":19,"column":44}},"5":{"start":{"line":20,"column":4},"end":{"line":20,"column":33}},"6":{"start":{"line":21,"column":4},"end":{"line":21,"column":22}},"7":{"start":{"line":25,"column":25},"end":{"line":25,"column":35}},"8":{"start":{"line":26,"column":4},"end":{"line":45,"column":6}},"9":{"start":{"line":29,"column":33},"end":{"line":29,"column":50}},"10":{"start":{"line":30,"column":10},"end":{"line":34,"column":16}},"11":{"start":{"line":49,"column":0},"end":{"line":54,"column":2}}},"fnMap":{"0":{"name":"(anonymous_0)","decl":{"start":{"line":11,"column":2},"end":{"line":11,"column":3}},"loc":{"start":{"line":11,"column":22},"end":{"line":16,"column":3}},"line":11},"1":{"name":"(anonymous_1)","decl":{"start":{"line":18,"column":15},"end":{"line":18,"column":16}},"loc":{"start":{"line":18,"column":21},"end":{"line":22,"column":3}},"line":18},"2":{"name":"(anonymous_2)","decl":{"start":{"line":24,"column":2},"end":{"line":24,"column":3}},"loc":{"start":{"line":24,"column":11},"end":{"line":46,"column":3}},"line":24},"3":{"name":"(anonymous_3)","decl":{"start":{"line":29,"column":23},"end":{"line":29,"column":24}},"loc":{"start":{"line":29,"column":33},"end":{"line":29,"column":50}},"line":29},"4":{"name":"(anonymous_4)","decl":{"start":{"line":29,"column":56},"end":{"line":29,"column":57}},"loc":{"start":{"line":30,"column":10},"end":{"line":34,"column":16}},"line":30}},"branchMap":{},"s":{"0":0,"1":0,"2":0,"3":0,"4":0,"5":0,"6":0,"7":0,"8":0,"9":0,"10":0,"11":1},"f":{"0":0,"1":0,"2":0,"3":0,"4":0},"b":{},"_coverageSchema":"1a1c01bbd47fc00a2c39e90264f33305004495a9","hash":"04982567adc021e67402fe1a47f089b533566123"}
}
