TN:
SF:src/App.js
FN:9,(anonymous_0)
FNF:1
FNH:1
FNDA:4,(anonymous_0)
DA:10,4
LF:1
LH:1
BRF:0
BRH:0
end_of_record
TN:
SF:src/components/Header.js
FN:11,(anonymous_0)
FN:18,(anonymous_1)
FN:31,(anonymous_2)
FNF:3
FNH:3
FNDA:1,(anonymous_0)
FNDA:2,(anonymous_1)
FNDA:1,(anonymous_2)
DA:7,1
DA:12,1
DA:13,1
DA:19,2
DA:20,2
DA:21,2
DA:31,1
DA:37,1
LF:8
LH:8
BRF:0
BRH:0
end_of_record
TN:
SF:src/pages/Feedback.js
FN:8,(anonymous_0)
FN:14,(anonymous_1)
FN:49,(anonymous_2)
FN:68,(anonymous_3)
FNF:4
FNH:0
FNDA:0,(anonymous_0)
FNDA:0,(anonymous_1)
FNDA:0,(anonymous_2)
FNDA:0,(anonymous_3)
DA:8,0
DA:9,0
DA:10,0
DA:11,0
DA:15,0
DA:16,0
DA:17,0
DA:49,0
DA:59,1
DA:68,1
LF:10
LH:2
BRDA:23,0,0,0
BRDA:23,0,1,0
BRF:2
BRH:0
end_of_record
TN:
SF:src/pages/Game.js
FN:28,(anonymous_0)
FN:31,(anonymous_1)
FN:37,(anonymous_2)
FN:49,(anonymous_3)
FN:66,(anonymous_4)
FN:73,(anonymous_5)
FN:85,(anonymous_6)
FN:110,(anonymous_7)
FN:115,(anonymous_8)
FN:121,(anonymous_9)
FN:131,(anonymous_10)
FN:143,(anonymous_11)
FN:144,(anonymous_12)
FN:159,(anonymous_13)
FN:199,(anonymous_14)
FN:211,(anonymous_15)
FN:241,(anonymous_16)
FNF:17
FNH:4
FNDA:1,(anonymous_0)
FNDA:0,(anonymous_1)
FNDA:0,(anonymous_2)
FNDA:1,(anonymous_3)
FNDA:0,(anonymous_4)
FNDA:0,(anonymous_5)
FNDA:0,(anonymous_6)
FNDA:0,(anonymous_7)
FNDA:0,(anonymous_8)
FNDA:0,(anonymous_9)
FNDA:0,(anonymous_10)
FNDA:0,(anonymous_11)
FNDA:0,(anonymous_12)
FNDA:1,(anonymous_13)
FNDA:0,(anonymous_14)
FNDA:0,(anonymous_15)
FNDA:1,(anonymous_16)
DA:8,1
DA:11,1
DA:29,1
DA:30,1
DA:31,1
DA:32,1
DA:33,1
DA:38,0
DA:39,0
DA:40,0
DA:49,1
DA:50,1
DA:51,1
DA:52,1
DA:53,1
DA:54,1
DA:55,0
DA:56,0
DA:57,0
DA:58,0
DA:59,0
DA:61,0
DA:63,0
DA:66,0
DA:73,1
DA:74,0
DA:75,0
DA:85,1
DA:86,0
DA:87,0
DA:88,0
DA:89,0
DA:90,0
DA:91,0
DA:93,0
DA:94,0
DA:96,0
DA:97,0
DA:99,0
DA:100,0
DA:102,0
DA:104,0
DA:105,0
DA:106,0
DA:110,1
DA:111,0
DA:112,0
DA:113,0
DA:115,0
DA:121,1
DA:122,0
DA:123,0
DA:124,0
DA:125,0
DA:126,0
DA:127,0
DA:129,0
DA:131,0
DA:144,0
DA:147,0
DA:148,0
DA:149,0
DA:150,0
DA:155,0
DA:166,1
DA:167,1
DA:200,0
DA:211,0
DA:231,1
DA:241,1
LF:70
LH:21
BRDA:32,0,0,1
BRDA:32,0,1,0
BRDA:39,1,0,0
BRDA:39,1,1,0
BRDA:39,2,0,0
BRDA:39,2,1,0
BRDA:56,3,0,0
BRDA:56,3,1,0
BRDA:88,4,0,0
BRDA:88,4,1,0
BRDA:91,5,0,0
BRDA:91,5,1,0
BRDA:91,5,2,0
BRDA:91,5,3,0
BRDA:112,6,0,0
BRDA:112,6,1,0
BRDA:112,7,0,0
BRDA:112,7,1,0
BRDA:126,8,0,0
BRDA:126,8,1,0
BRDA:147,9,0,0
BRDA:147,9,1,0
BRDA:170,10,0,1
BRDA:170,10,1,0
BRDA:180,11,0,1
BRDA:180,11,1,0
BRDA:180,11,2,0
BRDA:181,12,0,0
BRDA:181,12,1,0
BRDA:187,13,0,1
BRDA:187,13,1,0
BRDA:187,13,2,0
BRDA:206,14,0,0
BRDA:206,14,1,0
BRDA:210,15,0,0
BRDA:210,15,1,0
BRDA:215,16,0,1
BRDA:215,16,1,0
BRF:38
BRH:5
end_of_record
TN:
SF:src/pages/Login.js
FN:15,(anonymous_0)
FN:22,(anonymous_1)
FN:35,(anonymous_2)
FN:48,(anonymous_3)
FN:61,(anonymous_4)
FNF:5
FNH:5
FNDA:68,(anonymous_0)
FNDA:68,(anonymous_1)
FNDA:1,(anonymous_2)
FNDA:3,(anonymous_3)
FNDA:148,(anonymous_4)
DA:8,9
DA:15,9
DA:16,68
DA:17,68
DA:22,9
DA:23,68
DA:24,68
DA:25,22
DA:29,46
DA:35,9
DA:36,1
DA:37,1
DA:38,1
DA:39,1
DA:40,1
DA:44,1
DA:45,1
DA:48,9
DA:49,3
DA:50,3
DA:51,2
DA:55,1
DA:62,148
DA:63,148
DA:114,1
LF:25
LH:25
BRDA:24,0,0,22
BRDA:24,0,1,46
BRDA:24,1,0,68
BRDA:24,1,1,38
BRDA:50,2,0,2
BRDA:50,2,1,1
BRDA:103,3,0,148
BRDA:103,3,1,2
BRF:8
BRH:8
end_of_record
TN:
SF:src/pages/Ranking.js
FN:11,(anonymous_0)
FN:18,(anonymous_1)
FN:24,(anonymous_2)
FN:29,(anonymous_3)
FN:29,(anonymous_4)
FNF:5
FNH:0
FNDA:0,(anonymous_0)
FNDA:0,(anonymous_1)
FNDA:0,(anonymous_2)
FNDA:0,(anonymous_3)
FNDA:0,(anonymous_4)
DA:7,0
DA:12,0
DA:13,0
DA:18,0
DA:19,0
DA:20,0
DA:21,0
DA:25,0
DA:26,0
DA:29,0
DA:30,0
DA:49,1
LF:12
LH:1
BRF:0
BRH:0
end_of_record
